Arguments: 
  C:\Program Files\nodejs\node.exe C:\Program Files (x86)\Yarn\bin\yarn.js add ApexCharts

PATH: 
  C:\WINDOWS\system32;C:\WINDOWS;C:\WINDOWS\System32\Wbem;C:\WINDOWS\System32\WindowsPowerShell\v1.0\;C:\Program Files\dotnet\;C:\Program Files\Microsoft SQL Server\130\Tools\Binn\;C:\Program Files (x86)\Microsoft SQL Server\Client SDK\ODBC\130\Tools\Binn\;C:\Program Files (x86)\Microsoft SQL Server\140\Tools\Binn\;C:\Program Files (x86)\Microsoft SQL Server\140\DTS\Binn\;C:\Program Files (x86)\Microsoft SQL Server\140\Tools\Binn\ManagementStudio\;C:\Program Files\Git\cmd;C:\WINDOWS\System32\OpenSSH\;C:\Go\bin;C:\Program Files\nodejs\;C:\ProgramData\chocolatey\bin;C:\Program Files\Microsoft SQL Server\Client SDK\ODBC\170\Tools\Binn\;C:\Program Files (x86)\Yarn\bin\;C:\Users\knewin\AppData\Local\Programs\Python\Python37-32\Scripts\;C:\Users\knewin\AppData\Local\Programs\Python\Python37-32\;C:\Users\knewin\AppData\Local\Programs\Microsoft VS Code\bin;C:\Users\knewin\AppData\Local\Microsoft\WindowsApps;C:\Users\knewin\go\bin;C:\Users\knewin\AppData\Roaming\npm;C:\flutter\bin;C:\Users\knewin\.dotnet\tools;C:\Users\knewin\AppData\Local\Yarn\bin;C:\Users\knewin\AppData\Local\GitHubDesktop\bin;C:\Program Files\MongoDB\Server\4.0\bin;C:\Users\knewin\AppData\Local\Google\Cloud SDK\google-cloud-sdk\bin;C:\deploy\geckodriver.exe

Yarn version: 
  1.15.2

Node version: 
  11.12.0

Platform: 
  win32 x64

Trace: 
  Error: https://registry.yarnpkg.com/ApexCharts: Not found
      at Request.params.callback [as _callback] (C:\Program Files (x86)\Yarn\lib\cli.js:65167:18)
      at Request.self.callback (C:\Program Files (x86)\Yarn\lib\cli.js:129541:22)
      at Request.emit (events.js:197:13)
      at Request.<anonymous> (C:\Program Files (x86)\Yarn\lib\cli.js:130513:10)
      at Request.emit (events.js:197:13)
      at IncomingMessage.<anonymous> (C:\Program Files (x86)\Yarn\lib\cli.js:130435:12)
      at Object.onceWrapper (events.js:285:20)
      at IncomingMessage.emit (events.js:202:15)
      at endReadableNT (_stream_readable.js:1132:12)
      at processTicksAndRejections (internal/process/next_tick.js:76:17)

npm manifest: 
  No manifest

yarn manifest: 
  No manifest

Lockfile: 
  No lockfile
